Scheduled 192 slice(s), phase=all, years=2010-2025.
Manifest: /Volumes/Extreme SSD/O&M_Data_Acquisition_Accessability&Validation/Data/Interim/ais_backfill_manifest.csv

=== 2025-01 ===
Raw:      /Volumes/Extreme SSD/O&M_Data_Acquisition_Accessability&Validation/Data/Raw/AIS/Farm-Candidates_European-Master_2025_01_SogMax2.0_Buffer2.0nm.csv
Events:   /Volumes/Extreme SSD/O&M_Data_Acquisition_Accessability&Validation/Data/Interim/OM_Events_Farm-Candidates_European-Master_2025_01_SogMax2.0_Buffer2.0nm.csv
Registry: /Volumes/Extreme SSD/O&M_Data_Acquisition_Accessability&Validation/Data/Interim/Fleet_Registry_Farm-Candidates_European-Master_2025_01_SogMax2.0_Buffer2.0nm.csv
Enumerating S3 keys with prefix 2025/aisdk-2025-01...
Enumerating S3 keys with prefix 2025/aisdk-2025-01...
Found 31 ZIP file(s) for 2025-01.
Filter: Mode=farm_candidate, Region=european_master, MaxSOG=2.0
Farm Buffer: 2.0 nm
[1/31] Processing 2025/aisdk-2025-01-01.zip...
Extracting and filtering aisdk-2025-01-01.csv (Mode: farm_candidate)...
    Summary: Kept 517378 of 14166456 rows.
[2/31] Processing 2025/aisdk-2025-01-02.zip...
Extracting and filtering aisdk-2025-01-02.csv (Mode: farm_candidate)...
    Summary: Kept 537335 of 14517030 rows.
[3/31] Processing 2025/aisdk-2025-01-03.zip...
Extracting and filtering aisdk-2025-01-03.csv (Mode: farm_candidate)...
    Summary: Kept 569777 of 15264341 rows.
[4/31] Processing 2025/aisdk-2025-01-04.zip...
Extracting and filtering aisdk-2025-01-04.csv (Mode: farm_candidate)...
    Summary: Kept 583301 of 15820358 rows.
[5/31] Processing 2025/aisdk-2025-01-05.zip...
Extracting and filtering aisdk-2025-01-05.csv (Mode: farm_candidate)...
    Summary: Kept 627187 of 15945213 rows.
[6/31] Processing 2025/aisdk-2025-01-06.zip...
Extracting and filtering aisdk-2025-01-06.csv (Mode: farm_candidate)...
    Summary: Kept 607654 of 15081905 rows.
[7/31] Processing 2025/aisdk-2025-01-07.zip...
Extracting and filtering aisdk-2025-01-07.csv (Mode: farm_candidate)...
