Enumerating S3 keys with prefix 2024/aisdk-2024-01...
Found 1 ZIP file(s) for 2024-01.
Filter: Mode=farm_candidate, Region=european_master, MaxSOG=2.0
Farm Buffer: 2.0 nm
[1/1] Processing 2024/aisdk-2024-01.zip...
Extracting and filtering aisdk-2024-01-01.csv (Mode: farm_candidate)...
    Summary: Kept 717122 of 14627243 rows.

--- Processing Summary ---
Mode:              farm_candidate
Buffer:            2.0 nm
Region:            european_master
Output Path:       /Volumes/Extreme SSD/O&M_Data_Acquisition_Accessability&Validation/Data/Raw/AIS/Farm-Candidates_European-Master_2024_01_SogMax2.0_Buffer2.0nm.csv
Rows Scanned:      14,627,243
Rows Kept:         717,122
Retention %:       4.90%
Malformed SOG:     96,820
Malformed Lat/Lon: 0
--------------------------

Vessel identification preflight
  AIS input:      Data/Raw/AIS/Farm-Candidates_European-Master_2024_01_SogMax2.0_Buffer2.0nm.csv
  Turbine input:  /Volumes/Extreme SSD/O&M_Data_Acquisition_Accessability&Validation/Data/Interim/European_Turbine_Coordinates.csv
  Events output:  /Volumes/Extreme SSD/O&M_Data_Acquisition_Accessability&Validation/Data/Interim/OM_Events_Farm-Candidates_European-Master_2024_01_SogMax2.0_Buffer2.0nm.csv
  Registry output:/Volumes/Extreme SSD/O&M_Data_Acquisition_Accessability&Validation/Data/Interim/Fleet_Registry_Farm-Candidates_European-Master_2024_01_SogMax2.0_Buffer2.0nm.csv
  Chunk size:     500,000
Loading Master European Turbine Database...
Calculating precise bounding boxes for all European wind farms...
Loading AIS from Data/Raw/AIS/Farm-Candidates_European-Master_2024_01_SogMax2.0_Buffer2.0nm.csv...
Processed 0.5M rows | matches collected: 10,345 | 365,925 rows/s
Processed 0.7M rows | matches collected: 12,450 | 363,132 rows/s
Building event sequences and consolidating MMSI metadata...
Saved 39 events to /Volumes/Extreme SSD/O&M_Data_Acquisition_Accessability&Validation/Data/Interim/OM_Events_Farm-Candidates_European-Master_2024_01_SogMax2.0_Buffer2.0nm.csv
Registry compiled: 12 vessels identified. Saved to /Volumes/Extreme SSD/O&M_Data_Acquisition_Accessability&Validation/Data/Interim/Fleet_Registry_Farm-Candidates_European-Master_2024_01_SogMax2.0_Buffer2.0nm.csv
Enumerating S3 keys with prefix 2024/aisdk-2024-04...
Found 30 ZIP file(s) for 2024-04.
Filter: Mode=farm_candidate, Region=european_master, MaxSOG=2.0
Farm Buffer: 2.0 nm
[1/30] Processing 2024/aisdk-2024-04-01.zip...
Extracting and filtering aisdk-2024-04-01.csv (Mode: farm_candidate)...
    Summary: Kept 705955 of 15689756 rows.
[2/30] Processing 2024/aisdk-2024-04-02.zip...
Extracting and filtering aisdk-2024-04-02.csv (Mode: farm_candidate)...
    Summary: Kept 491475 of 11160673 rows.
[3/30] Processing 2024/aisdk-2024-04-03.zip...
Extracting and filtering aisdk-2024-04-03.csv (Mode: farm_candidate)...
    Summary: Kept 624888 of 14220360 rows.
[4/30] Processing 2024/aisdk-2024-04-04.zip...
Extracting and filtering aisdk-2024-04-04.csv (Mode: farm_candidate)...
    Summary: Kept 632443 of 15371432 rows.
[5/30] Processing 2024/aisdk-2024-04-05.zip...
Extracting and filtering aisdk-2024-04-05.csv (Mode: farm_candidate)...
    Summary: Kept 613672 of 14857850 rows.
[6/30] Processing 2024/aisdk-2024-04-06.zip...
Extracting and filtering aisdk-2024-04-06.csv (Mode: farm_candidate)...
    Summary: Kept 674682 of 15536257 rows.
[7/30] Processing 2024/aisdk-2024-04-07.zip...
Extracting and filtering aisdk-2024-04-07.csv (Mode: farm_candidate)...
    Summary: Kept 713039 of 16865774 rows.
[8/30] Processing 2024/aisdk-2024-04-08.zip...
Extracting and filtering aisdk-2024-04-08.csv (Mode: farm_candidate)...
    Summary: Kept 729857 of 16536796 rows.
[9/30] Processing 2024/aisdk-2024-04-09.zip...
Extracting and filtering aisdk-2024-04-09.csv (Mode: farm_candidate)...
    Summary: Kept 737614 of 16519806 rows.
[10/30] Processing 2024/aisdk-2024-04-10.zip...
Extracting and filtering aisdk-2024-04-10.csv (Mode: farm_candidate)...
    Summary: Kept 719366 of 15614771 rows.
[11/30] Processing 2024/aisdk-2024-04-11.zip...
Extracting and filtering aisdk-2024-04-11.csv (Mode: farm_candidate)...
    Summary: Kept 676508 of 15662943 rows.
[12/30] Processing 2024/aisdk-2024-04-12.zip...
Extracting and filtering aisdk-2024-04-12.csv (Mode: farm_candidate)...
    Summary: Kept 713901 of 15446313 rows.
[13/30] Processing 2024/aisdk-2024-04-13.zip...
Extracting and filtering aisdk-2024-04-13.csv (Mode: farm_candidate)...
    Summary: Kept 779170 of 16497947 rows.
[14/30] Processing 2024/aisdk-2024-04-14.zip...
Extracting and filtering aisdk-2024-04-14.csv (Mode: farm_candidate)...
    Summary: Kept 708803 of 15715739 rows.
[15/30] Processing 2024/aisdk-2024-04-15.zip...
Extracting and filtering aisdk-2024-04-15.csv (Mode: farm_candidate)...
    Summary: Kept 739881 of 15970651 rows.
[16/30] Processing 2024/aisdk-2024-04-16.zip...
Extracting and filtering aisdk-2024-04-16.csv (Mode: farm_candidate)...
    Summary: Kept 694691 of 17468321 rows.
[17/30] Processing 2024/aisdk-2024-04-17.zip...
Extracting and filtering aisdk-2024-04-17.csv (Mode: farm_candidate)...
    Summary: Kept 714681 of 17586357 rows.
[18/30] Processing 2024/aisdk-2024-04-18.zip...
Extracting and filtering aisdk-2024-04-18.csv (Mode: farm_candidate)...
    Summary: Kept 717401 of 16973019 rows.
[19/30] Processing 2024/aisdk-2024-04-19.zip...
Extracting and filtering aisdk-2024-04-19.csv (Mode: farm_candidate)...
    Summary: Kept 746727 of 16550076 rows.
[20/30] Processing 2024/aisdk-2024-04-20.zip...
Extracting and filtering aisdk-2024-04-20.csv (Mode: farm_candidate)...
    Summary: Kept 778564 of 16160193 rows.
[21/30] Processing 2024/aisdk-2024-04-21.zip...
Extracting and filtering aisdk-2024-04-21.csv (Mode: farm_candidate)...
    Summary: Kept 779439 of 15579541 rows.
[22/30] Processing 2024/aisdk-2024-04-22.zip...
Extracting and filtering aisdk-2024-04-22.csv (Mode: farm_candidate)...
    Summary: Kept 651469 of 15278392 rows.
[23/30] Processing 2024/aisdk-2024-04-23.zip...
Extracting and filtering aisdk-2024-04-23.csv (Mode: farm_candidate)...
    Summary: Kept 723556 of 16213210 rows.
[24/30] Processing 2024/aisdk-2024-04-24.zip...
Extracting and filtering aisdk-2024-04-24.csv (Mode: farm_candidate)...
    Summary: Kept 768262 of 16616961 rows.
[25/30] Processing 2024/aisdk-2024-04-25.zip...
Extracting and filtering aisdk-2024-04-25.csv (Mode: farm_candidate)...
    Summary: Kept 762739 of 17086455 rows.
[26/30] Processing 2024/aisdk-2024-04-26.zip...
Extracting and filtering aisdk-2024-04-26.csv (Mode: farm_candidate)...
    Summary: Kept 863474 of 16941754 rows.
[27/30] Processing 2024/aisdk-2024-04-27.zip...
Extracting and filtering aisdk-2024-04-27.csv (Mode: farm_candidate)...
    Summary: Kept 898670 of 18776989 rows.
[28/30] Processing 2024/aisdk-2024-04-28.zip...
Extracting and filtering aisdk-2024-04-28.csv (Mode: farm_candidate)...
    Summary: Kept 943912 of 19727874 rows.
[29/30] Processing 2024/aisdk-2024-04-29.zip...
Extracting and filtering aisdk-2024-04-29.csv (Mode: farm_candidate)...
    Summary: Kept 810852 of 18230506 rows.
[30/30] Processing 2024/aisdk-2024-04-30.zip...
Extracting and filtering aisdk-2024-04-30.csv (Mode: farm_candidate)...
    Summary: Kept 910608 of 20278811 rows.

--- Processing Summary ---
Mode:              farm_candidate
Buffer:            2.0 nm
Region:            european_master
Output Path:       /Volumes/Extreme SSD/O&M_Data_Acquisition_Accessability&Validation/Data/Raw/AIS/Farm-Candidates_European-Master_2024_04_SogMax2.0_Buffer2.0nm.csv
Rows Scanned:      491,135,527
Rows Kept:         22,026,299
Retention %:       4.48%
Malformed SOG:     2,089,533
Malformed Lat/Lon: 0
--------------------------

Vessel identification preflight
  AIS input:      Data/Raw/AIS/Farm-Candidates_European-Master_2024_04_SogMax2.0_Buffer2.0nm.csv
  Turbine input:  /Volumes/Extreme SSD/O&M_Data_Acquisition_Accessability&Validation/Data/Interim/European_Turbine_Coordinates.csv
  Events output:  /Volumes/Extreme SSD/O&M_Data_Acquisition_Accessability&Validation/Data/Interim/OM_Events_Farm-Candidates_European-Master_2024_04_SogMax2.0_Buffer2.0nm.csv
  Registry output:/Volumes/Extreme SSD/O&M_Data_Acquisition_Accessability&Validation/Data/Interim/Fleet_Registry_Farm-Candidates_European-Master_2024_04_SogMax2.0_Buffer2.0nm.csv
  Chunk size:     500,000
Loading Master European Turbine Database...
Calculating precise bounding boxes for all European wind farms...
Loading AIS from Data/Raw/AIS/Farm-Candidates_European-Master_2024_04_SogMax2.0_Buffer2.0nm.csv...
Processed 0.5M rows | matches collected: 50,997 | 278,985 rows/s
Processed 1.0M rows | matches collected: 59,109 | 307,717 rows/s
Processed 1.5M rows | matches collected: 83,325 | 308,475 rows/s
Processed 2.0M rows | matches collected: 111,893 | 309,455 rows/s
Processed 2.5M rows | matches collected: 143,125 | 311,618 rows/s
Processed 3.0M rows | matches collected: 187,682 | 308,495 rows/s
Processed 3.5M rows | matches collected: 243,099 | 301,125 rows/s
Processed 4.0M rows | matches collected: 262,438 | 303,868 rows/s
Processed 4.5M rows | matches collected: 296,530 | 305,237 rows/s
Processed 5.0M rows | matches collected: 350,176 | 300,854 rows/s
Processed 5.5M rows | matches collected: 376,214 | 301,249 rows/s
Processed 6.0M rows | matches collected: 397,681 | 303,407 rows/s
Processed 6.5M rows | matches collected: 413,201 | 306,992 rows/s
Processed 7.0M rows | matches collected: 423,150 | 309,557 rows/s
Processed 7.5M rows | matches collected: 441,738 | 309,237 rows/s
Processed 8.0M rows | matches collected: 479,855 | 306,798 rows/s
Processed 8.5M rows | matches collected: 532,368 | 300,066 rows/s
Processed 9.0M rows | matches collected: 548,807 | 299,600 rows/s
Processed 9.5M rows | matches collected: 553,949 | 302,408 rows/s
Processed 10.0M rows | matches collected: 596,400 | 302,518 rows/s
Processed 10.5M rows | matches collected: 615,420 | 304,093 rows/s
Processed 11.0M rows | matches collected: 651,918 | 304,409 rows/s
Processed 11.5M rows | matches collected: 692,487 | 303,958 rows/s
Processed 12.0M rows | matches collected: 721,258 | 304,276 rows/s
Processed 12.5M rows | matches collected: 746,039 | 304,740 rows/s
Processed 13.0M rows | matches collected: 779,184 | 305,798 rows/s
Processed 13.5M rows | matches collected: 798,790 | 307,341 rows/s
Processed 14.0M rows | matches collected: 815,602 | 308,699 rows/s
Processed 14.5M rows | matches collected: 864,613 | 308,512 rows/s
Processed 15.0M rows | matches collected: 890,050 | 308,772 rows/s
Processed 15.5M rows | matches collected: 919,598 | 309,144 rows/s
Processed 16.0M rows | matches collected: 964,305 | 309,054 rows/s
Processed 16.5M rows | matches collected: 999,770 | 309,557 rows/s
Processed 17.0M rows | matches collected: 1,020,672 | 310,157 rows/s
Processed 17.5M rows | matches collected: 1,064,759 | 307,754 rows/s
Processed 18.0M rows | matches collected: 1,101,672 | 307,969 rows/s
Processed 18.5M rows | matches collected: 1,128,678 | 308,270 rows/s
Processed 19.0M rows | matches collected: 1,179,544 | 307,478 rows/s
Processed 19.5M rows | matches collected: 1,195,881 | 307,212 rows/s
Processed 20.0M rows | matches collected: 1,257,102 | 306,154 rows/s
Processed 20.5M rows | matches collected: 1,267,214 | 306,952 rows/s
Processed 21.0M rows | matches collected: 1,309,211 | 306,366 rows/s
Processed 21.5M rows | matches collected: 1,347,241 | 306,320 rows/s
Processed 22.0M rows | matches collected: 1,380,163 | 306,390 rows/s
Processed 22.0M rows | matches collected: 1,380,297 | 305,954 rows/s
Building event sequences and consolidating MMSI metadata...
Saved 2472 events to /Volumes/Extreme SSD/O&M_Data_Acquisition_Accessability&Validation/Data/Interim/OM_Events_Farm-Candidates_European-Master_2024_04_SogMax2.0_Buffer2.0nm.csv
Registry compiled: 108 vessels identified. Saved to /Volumes/Extreme SSD/O&M_Data_Acquisition_Accessability&Validation/Data/Interim/Fleet_Registry_Farm-Candidates_European-Master_2024_04_SogMax2.0_Buffer2.0nm.csv
Enumerating S3 keys with prefix 2024/aisdk-2024-10...
Found 31 ZIP file(s) for 2024-10.
Filter: Mode=farm_candidate, Region=european_master, MaxSOG=2.0
Farm Buffer: 2.0 nm
[1/31] Processing 2024/aisdk-2024-10-01.zip...
Extracting and filtering aisdk-2024-10-01.csv (Mode: farm_candidate)...
    Summary: Kept 739507 of 16430504 rows.
[2/31] Processing 2024/aisdk-2024-10-02.zip...
Extracting and filtering aisdk-2024-10-02.csv (Mode: farm_candidate)...
    Summary: Kept 831649 of 16457526 rows.
[3/31] Processing 2024/aisdk-2024-10-03.zip...
Extracting and filtering aisdk-2024-10-03.csv (Mode: farm_candidate)...
    Summary: Kept 740206 of 17978480 rows.
[4/31] Processing 2024/aisdk-2024-10-04.zip...
Extracting and filtering aisdk-2024-10-04.csv (Mode: farm_candidate)...
    Summary: Kept 784445 of 18383581 rows.
[5/31] Processing 2024/aisdk-2024-10-05.zip...
Extracting and filtering aisdk-2024-10-05.csv (Mode: farm_candidate)...
    Summary: Kept 756231 of 17772967 rows.
[6/31] Processing 2024/aisdk-2024-10-06.zip...
Extracting and filtering aisdk-2024-10-06.csv (Mode: farm_candidate)...
    Summary: Kept 811731 of 18285472 rows.
[7/31] Processing 2024/aisdk-2024-10-07.zip...
Extracting and filtering aisdk-2024-10-07.csv (Mode: farm_candidate)...
    Summary: Kept 768337 of 17128297 rows.
[8/31] Processing 2024/aisdk-2024-10-08.zip...
Extracting and filtering aisdk-2024-10-08.csv (Mode: farm_candidate)...
    Summary: Kept 779275 of 18219728 rows.
[9/31] Processing 2024/aisdk-2024-10-09.zip...
Extracting and filtering aisdk-2024-10-09.csv (Mode: farm_candidate)...
    Summary: Kept 700233 of 18022394 rows.
[10/31] Processing 2024/aisdk-2024-10-10.zip...
Extracting and filtering aisdk-2024-10-10.csv (Mode: farm_candidate)...
    Summary: Kept 881819 of 17017817 rows.
[11/31] Processing 2024/aisdk-2024-10-11.zip...
Extracting and filtering aisdk-2024-10-11.csv (Mode: farm_candidate)...
    Summary: Kept 822346 of 16609574 rows.
[12/31] Processing 2024/aisdk-2024-10-12.zip...
Extracting and filtering aisdk-2024-10-12.csv (Mode: farm_candidate)...
    Summary: Kept 742632 of 16793581 rows.
[13/31] Processing 2024/aisdk-2024-10-13.zip...
Extracting and filtering aisdk-2024-10-13.csv (Mode: farm_candidate)...
    Summary: Kept 700649 of 16091453 rows.
[14/31] Processing 2024/aisdk-2024-10-14.zip...
Extracting and filtering aisdk-2024-10-14.csv (Mode: farm_candidate)...
    Summary: Kept 727418 of 16294472 rows.
[15/31] Processing 2024/aisdk-2024-10-15.zip...
Extracting and filtering aisdk-2024-10-15.csv (Mode: farm_candidate)...
    Summary: Kept 730077 of 16518966 rows.
[16/31] Processing 2024/aisdk-2024-10-16.zip...
Extracting and filtering aisdk-2024-10-16.csv (Mode: farm_candidate)...
    Summary: Kept 738698 of 16913977 rows.
[17/31] Processing 2024/aisdk-2024-10-17.zip...
Extracting and filtering aisdk-2024-10-17.csv (Mode: farm_candidate)...
    Summary: Kept 655053 of 16043125 rows.
[18/31] Processing 2024/aisdk-2024-10-18.zip...
Extracting and filtering aisdk-2024-10-18.csv (Mode: farm_candidate)...
    Summary: Kept 681409 of 17530075 rows.
[19/31] Processing 2024/aisdk-2024-10-19.zip...
Extracting and filtering aisdk-2024-10-19.csv (Mode: farm_candidate)...
    Summary: Kept 720671 of 17606930 rows.
[20/31] Processing 2024/aisdk-2024-10-20.zip...
Extracting and filtering aisdk-2024-10-20.csv (Mode: farm_candidate)...
    Summary: Kept 759134 of 17073336 rows.
[21/31] Processing 2024/aisdk-2024-10-21.zip...
Extracting and filtering aisdk-2024-10-21.csv (Mode: farm_candidate)...
    Summary: Kept 818685 of 17098115 rows.
[22/31] Processing 2024/aisdk-2024-10-22.zip...
Extracting and filtering aisdk-2024-10-22.csv (Mode: farm_candidate)...
    Summary: Kept 803753 of 17336425 rows.
[23/31] Processing 2024/aisdk-2024-10-23.zip...
Extracting and filtering aisdk-2024-10-23.csv (Mode: farm_candidate)...
    Summary: Kept 802209 of 17895337 rows.
[24/31] Processing 2024/aisdk-2024-10-24.zip...
Extracting and filtering aisdk-2024-10-24.csv (Mode: farm_candidate)...
    Summary: Kept 904016 of 20233319 rows.
[25/31] Processing 2024/aisdk-2024-10-25.zip...
Extracting and filtering aisdk-2024-10-25.csv (Mode: farm_candidate)...
    Summary: Kept 849266 of 17793356 rows.
[26/31] Processing 2024/aisdk-2024-10-26.zip...
Extracting and filtering aisdk-2024-10-26.csv (Mode: farm_candidate)...
    Summary: Kept 805849 of 17972911 rows.
[27/31] Processing 2024/aisdk-2024-10-27.zip...
Extracting and filtering aisdk-2024-10-27.csv (Mode: farm_candidate)...
    Summary: Kept 842532 of 17082198 rows.
[28/31] Processing 2024/aisdk-2024-10-28.zip...
Extracting and filtering aisdk-2024-10-28.csv (Mode: farm_candidate)...
    Summary: Kept 741709 of 15822947 rows.
[29/31] Processing 2024/aisdk-2024-10-29.zip...
Extracting and filtering aisdk-2024-10-29.csv (Mode: farm_candidate)...
    Summary: Kept 718640 of 16574494 rows.
[30/31] Processing 2024/aisdk-2024-10-30.zip...
Extracting and filtering aisdk-2024-10-30.csv (Mode: farm_candidate)...
    Summary: Kept 714443 of 15951964 rows.
[31/31] Processing 2024/aisdk-2024-10-31.zip...
Extracting and filtering aisdk-2024-10-31.csv (Mode: farm_candidate)...
    Summary: Kept 750745 of 16326507 rows.

--- Processing Summary ---
Mode:              farm_candidate
Buffer:            2.0 nm
Region:            european_master
Output Path:       /Volumes/Extreme SSD/O&M_Data_Acquisition_Accessability&Validation/Data/Raw/AIS/Farm-Candidates_European-Master_2024_10_SogMax2.0_Buffer2.0nm.csv
Rows Scanned:      533,259,828
Rows Kept:         23,823,367
Retention %:       4.47%
Malformed SOG:     2,503,226
Malformed Lat/Lon: 0
--------------------------

Vessel identification preflight
  AIS input:      Data/Raw/AIS/Farm-Candidates_European-Master_2024_10_SogMax2.0_Buffer2.0nm.csv
  Turbine input:  /Volumes/Extreme SSD/O&M_Data_Acquisition_Accessability&Validation/Data/Interim/European_Turbine_Coordinates.csv
  Events output:  /Volumes/Extreme SSD/O&M_Data_Acquisition_Accessability&Validation/Data/Interim/OM_Events_Farm-Candidates_European-Master_2024_10_SogMax2.0_Buffer2.0nm.csv
  Registry output:/Volumes/Extreme SSD/O&M_Data_Acquisition_Accessability&Validation/Data/Interim/Fleet_Registry_Farm-Candidates_European-Master_2024_10_SogMax2.0_Buffer2.0nm.csv
  Chunk size:     500,000
Loading Master European Turbine Database...
Calculating precise bounding boxes for all European wind farms...
Loading AIS from Data/Raw/AIS/Farm-Candidates_European-Master_2024_10_SogMax2.0_Buffer2.0nm.csv...
Processed 0.5M rows | matches collected: 4,267 | 375,145 rows/s
Processed 1.0M rows | matches collected: 18,409 | 370,548 rows/s
Processed 1.5M rows | matches collected: 71,199 | 351,480 rows/s
Processed 2.0M rows | matches collected: 132,231 | 336,614 rows/s
Processed 2.5M rows | matches collected: 157,420 | 332,993 rows/s
Processed 3.0M rows | matches collected: 223,013 | 321,897 rows/s
Processed 3.5M rows | matches collected: 267,837 | 316,865 rows/s
Processed 4.0M rows | matches collected: 288,745 | 313,252 rows/s
Processed 4.5M rows | matches collected: 324,998 | 312,345 rows/s
Processed 5.0M rows | matches collected: 334,941 | 315,253 rows/s
Processed 5.5M rows | matches collected: 346,420 | 316,880 rows/s
Processed 6.0M rows | matches collected: 396,879 | 315,242 rows/s
Processed 6.5M rows | matches collected: 417,497 | 316,468 rows/s
Processed 7.0M rows | matches collected: 436,976 | 318,333 rows/s
Processed 7.5M rows | matches collected: 450,365 | 320,879 rows/s
Processed 8.0M rows | matches collected: 451,175 | 324,433 rows/s
Processed 8.5M rows | matches collected: 464,124 | 326,858 rows/s
Processed 9.0M rows | matches collected: 484,350 | 327,803 rows/s
Processed 9.5M rows | matches collected: 492,131 | 329,658 rows/s
Processed 10.0M rows | matches collected: 503,224 | 332,115 rows/s
Processed 10.5M rows | matches collected: 526,215 | 332,450 rows/s
Processed 11.0M rows | matches collected: 541,480 | 332,399 rows/s
Processed 11.5M rows | matches collected: 577,826 | 328,046 rows/s
Processed 12.0M rows | matches collected: 584,371 | 328,766 rows/s
Processed 12.5M rows | matches collected: 589,391 | 329,520 rows/s
Processed 13.0M rows | matches collected: 605,284 | 329,241 rows/s
Processed 13.5M rows | matches collected: 647,630 | 326,809 rows/s
Processed 14.0M rows | matches collected: 694,141 | 325,297 rows/s
Processed 14.5M rows | matches collected: 716,621 | 324,736 rows/s
Processed 15.0M rows | matches collected: 757,512 | 324,139 rows/s
Processed 15.5M rows | matches collected: 777,185 | 324,737 rows/s
Processed 16.0M rows | matches collected: 789,278 | 325,365 rows/s
Processed 16.5M rows | matches collected: 818,668 | 325,688 rows/s
Processed 17.0M rows | matches collected: 838,072 | 325,838 rows/s
Processed 17.5M rows | matches collected: 862,441 | 325,562 rows/s
Processed 18.0M rows | matches collected: 894,454 | 324,473 rows/s
Processed 18.5M rows | matches collected: 908,939 | 323,927 rows/s
Processed 19.0M rows | matches collected: 962,847 | 322,469 rows/s
Processed 19.5M rows | matches collected: 979,881 | 322,209 rows/s
Processed 20.0M rows | matches collected: 1,018,214 | 321,662 rows/s
Processed 20.5M rows | matches collected: 1,045,372 | 321,571 rows/s
Processed 21.0M rows | matches collected: 1,061,395 | 321,993 rows/s
Processed 21.5M rows | matches collected: 1,092,542 | 322,080 rows/s
Processed 22.0M rows | matches collected: 1,121,249 | 322,107 rows/s
Processed 22.5M rows | matches collected: 1,146,288 | 322,155 rows/s
Processed 23.0M rows | matches collected: 1,162,838 | 322,544 rows/s
Processed 23.5M rows | matches collected: 1,176,075 | 322,795 rows/s
Processed 23.8M rows | matches collected: 1,179,067 | 322,826 rows/s
Building event sequences and consolidating MMSI metadata...
Saved 1627 events to /Volumes/Extreme SSD/O&M_Data_Acquisition_Accessability&Validation/Data/Interim/OM_Events_Farm-Candidates_European-Master_2024_10_SogMax2.0_Buffer2.0nm.csv
Registry compiled: 77 vessels identified. Saved to /Volumes/Extreme SSD/O&M_Data_Acquisition_Accessability&Validation/Data/Interim/Fleet_Registry_Farm-Candidates_European-Master_2024_10_SogMax2.0_Buffer2.0nm.csv
Initializing DuckDB catalog at /Volumes/Extreme SSD/O&M_Data_Acquisition_Accessability&Validation/Data/catalog.duckdb...
Registered view 'turbines' for /Volumes/Extreme SSD/O&M_Data_Acquisition_Accessability&Validation/Data/Interim/European_Turbine_Coordinates.csv
Registered view 'dwell_events' for /Volumes/Extreme SSD/O&M_Data_Acquisition_Accessability&Validation/Data/Interim/OM_Events_*.csv
Registered view 'fleet_registry' for /Volumes/Extreme SSD/O&M_Data_Acquisition_Accessability&Validation/Data/Interim/Fleet_Registry_*.csv
Registered view 'ais_raw' for /Volumes/Extreme SSD/O&M_Data_Acquisition_Accessability&Validation/Data/Raw/AIS/*.csv

Initialization complete. Registered 4 views.
Available views: ['ais_pilot', 'ais_raw', 'dwell_events', 'events_pilot', 'fleet_registry', 'registry_pilot', 'turbines']
